# JRE version: Java(TM) SE Runtime Environment (8.0_391) (build 1.8.0_391-b26)
# Java VM: Java HotSpot(TM) 64-Bit Server VM (25.391-b26 mixed mode windows-amd64 compressed oops)
Heap:
 PSYoungGen      total 313344K, used 137037K [0x000000076c400000, 0x000000079a880000, 0x00000007c0000000)
  eden space 213504K, 32% used [0x000000076c400000,0x0000000770717f78,0x0000000779480000)
  from space 99840K, 68% used [0x0000000779480000,0x000000077d73b638,0x000000077f600000)
  to   space 175616K, 0% used [0x000000078fd00000,0x000000078fd00000,0x000000079a880000)
 ParOldGen       total 252416K, used 252012K [0x00000006c4c00000, 0x00000006d4280000, 0x000000076c400000)
  object space 252416K, 99% used [0x00000006c4c00000,0x00000006d421b000,0x00000006d4280000)
 Metaspace       used 22067K, capacity 23026K, committed 23168K, reserved 1069056K
  class space    used 2904K, capacity 3158K, committed 3200K, reserved 1048576K
GC Heap History (10 events):
Event: 21.508 GC heap before
{Heap before GC invocations=6 (full 1):
 PSYoungGen      total 139776K, used 129024K [0x000000076c400000, 0x0000000775700000, 0x00000007c0000000)
  eden space 129024K, 100% used [0x000000076c400000,0x0000000774200000,0x0000000774200000)
  from space 10752K, 0% used [0x0000000774c80000,0x0000000774c80000,0x0000000775700000)
  to   space 10752K, 0% used [0x0000000774200000,0x0000000774200000,0x0000000774c80000)
 ParOldGen       total 266240K, used 133106K [0x00000006c4c00000, 0x00000006d5000000, 0x000000076c400000)
  object space 266240K, 49% used [0x00000006c4c00000,0x00000006ccdfcbf8,0x00000006d5000000)
 Metaspace       used 21564K, capacity 22472K, committed 22656K, reserved 1069056K
  class space    used 2852K, capacity 3075K, committed 3200K, reserved 1048576K
Event: 21.529 GC heap after
Heap after GC invocations=6 (full 1):
 PSYoungGen      total 139776K, used 10750K [0x000000076c400000, 0x0000000784780000, 0x00000007c0000000)
  eden space 129024K, 0% used [0x000000076c400000,0x000000076c400000,0x0000000774200000)
  from space 10752K, 99% used [0x0000000774200000,0x0000000774c7f8b8,0x0000000774c80000)
  to   space 83456K, 0% used [0x000000077f600000,0x000000077f600000,0x0000000784780000)
 ParOldGen       total 266240K, used 200890K [0x00000006c4c00000, 0x00000006d5000000, 0x000000076c400000)
  object space 266240K, 75% used [0x00000006c4c00000,0x00000006d102e8f8,0x00000006d5000000)
 Metaspace       used 21564K, capacity 22472K, committed 22656K, reserved 1069056K
  class space    used 2852K, capacity 3075K, committed 3200K, reserved 1048576K
}
Event: 21.529 GC heap before
{Heap before GC invocations=7 (full 2):
 PSYoungGen      total 139776K, used 10750K [0x000000076c400000, 0x0000000784780000, 0x00000007c0000000)
  eden space 129024K, 0% used [0x000000076c400000,0x000000076c400000,0x0000000774200000)
  from space 10752K, 99% used [0x0000000774200000,0x0000000774c7f8b8,0x0000000774c80000)
  to   space 83456K, 0% used [0x000000077f600000,0x000000077f600000,0x0000000784780000)
 ParOldGen       total 266240K, used 200890K [0x00000006c4c00000, 0x00000006d5000000, 0x000000076c400000)
  object space 266240K, 75% used [0x00000006c4c00000,0x00000006d102e8f8,0x00000006d5000000)
 Metaspace       used 21564K, capacity 22472K, committed 22656K, reserved 1069056K
  class space    used 2852K, capacity 3075K, committed 3200K, reserved 1048576K
Event: 21.560 GC heap after
Heap after GC invocations=7 (full 2):
 PSYoungGen      total 139776K, used 0K [0x000000076c400000, 0x0000000784780000, 0x00000007c0000000)
  eden space 129024K, 0% used [0x000000076c400000,0x000000076c400000,0x0000000774200000)
  from space 10752K, 0% used [0x0000000774200000,0x0000000774200000,0x0000000774c80000)
  to   space 83456K, 0% used [0x000000077f600000,0x000000077f600000,0x0000000784780000)
 ParOldGen       total 252416K, used 90343K [0x00000006c4c00000, 0x00000006d4280000, 0x000000076c400000)
  object space 252416K, 35% used [0x00000006c4c00000,0x00000006ca439cc8,0x00000006d4280000)
 Metaspace       used 21564K, capacity 22472K, committed 22656K, reserved 1069056K
  class space    used 2852K, capacity 3075K, committed 3200K, reserved 1048576K
}
Event: 22.110 GC heap before
{Heap before GC invocations=8 (full 2):
 PSYoungGen      total 139776K, used 129024K [0x000000076c400000, 0x0000000784780000, 0x00000007c0000000)
  eden space 129024K, 100% used [0x000000076c400000,0x0000000774200000,0x0000000774200000)
  from space 10752K, 0% used [0x0000000774200000,0x0000000774200000,0x0000000774c80000)
  to   space 83456K, 0% used [0x000000077f600000,0x000000077f600000,0x0000000784780000)
 ParOldGen       total 252416K, used 90343K [0x00000006c4c00000, 0x00000006d4280000, 0x000000076c400000)
  object space 252416K, 35% used [0x00000006c4c00000,0x00000006ca439cc8,0x00000006d4280000)
 Metaspace       used 21799K, capacity 22734K, committed 22912K, reserved 1069056K
  class space    used 2885K, capacity 3152K, committed 3200K, reserved 1048576K
Event: 22.133 GC heap after
Heap after GC invocations=8 (full 2):
 PSYoungGen      total 296960K, used 83444K [0x000000076c400000, 0x0000000787280000, 0x00000007c0000000)
  eden space 213504K, 0% used [0x000000076c400000,0x000000076c400000,0x0000000779480000)
  from space 83456K, 99% used [0x000000077f600000,0x000000078477d1d0,0x0000000784780000)
  to   space 99840K, 0% used [0x0000000779480000,0x0000000779480000,0x000000077f600000)
 ParOldGen       total 252416K, used 99716K [0x00000006c4c00000, 0x00000006d4280000, 0x000000076c400000)
  object space 252416K, 39% used [0x00000006c4c00000,0x00000006cad611e8,0x00000006d4280000)
 Metaspace       used 21799K, capacity 22734K, committed 22912K, reserved 1069056K
  class space    used 2885K, capacity 3152K, committed 3200K, reserved 1048576K
}
Event: 22.776 GC heap before
{Heap before GC invocations=9 (full 2):
 PSYoungGen      total 296960K, used 284337K [0x000000076c400000, 0x0000000787280000, 0x00000007c0000000)
  eden space 213504K, 94% used [0x000000076c400000,0x000000077882f4b0,0x0000000779480000)
  from space 83456K, 99% used [0x000000077f600000,0x000000078477d1d0,0x0000000784780000)
  to   space 99840K, 0% used [0x0000000779480000,0x0000000779480000,0x000000077f600000)
 ParOldGen       total 252416K, used 99716K [0x00000006c4c00000, 0x00000006d4280000, 0x000000076c400000)
  object space 252416K, 39% used [0x00000006c4c00000,0x00000006cad611e8,0x00000006d4280000)
 Metaspace       used 21907K, capacity 22886K, committed 23168K, reserved 1069056K
  class space    used 2891K, capacity 3156K, committed 3200K, reserved 1048576K
Event: 22.821 GC heap after
Heap after GC invocations=9 (full 2):
 PSYoungGen      total 313344K, used 99817K [0x000000076c400000, 0x000000079a880000, 0x00000007c0000000)
  eden space 213504K, 0% used [0x000000076c400000,0x000000076c400000,0x0000000779480000)
  from space 99840K, 99% used [0x0000000779480000,0x000000077f5fa400,0x000000077f600000)
  to   space 175616K, 0% used [0x000000078fd00000,0x000000078fd00000,0x000000079a880000)
 ParOldGen       total 252416K, used 224061K [0x00000006c4c00000, 0x00000006d4280000, 0x000000076c400000)
  object space 252416K, 88% used [0x00000006c4c00000,0x00000006d26cf6b8,0x00000006d4280000)
 Metaspace       used 21907K, capacity 22886K, committed 23168K, reserved 1069056K
  class space    used 2891K, capacity 3156K, committed 3200K, reserved 1048576K
}
Event: 22.821 GC heap before
{Heap before GC invocations=10 (full 3):
 PSYoungGen      total 313344K, used 99817K [0x000000076c400000, 0x000000079a880000, 0x00000007c0000000)
  eden space 213504K, 0% used [0x000000076c400000,0x000000076c400000,0x0000000779480000)
  from space 99840K, 99% used [0x0000000779480000,0x000000077f5fa400,0x000000077f600000)
  to   space 175616K, 0% used [0x000000078fd00000,0x000000078fd00000,0x000000079a880000)
 ParOldGen       total 252416K, used 224061K [0x00000006c4c00000, 0x00000006d4280000, 0x000000076c400000)
  object space 252416K, 88% used [0x00000006c4c00000,0x00000006d26cf6b8,0x00000006d4280000)
 Metaspace       used 21907K, capacity 22886K, committed 23168K, reserved 1069056K
  class space    used 2891K, capacity 3156K, committed 3200K, reserved 1048576K
Event: 22.909 GC heap after
Heap after GC invocations=10 (full 3):
 PSYoungGen      total 313344K, used 68333K [0x000000076c400000, 0x000000079a880000, 0x00000007c0000000)
  eden space 213504K, 0% used [0x000000076c400000,0x000000076c400000,0x0000000779480000)
  from space 99840K, 68% used [0x0000000779480000,0x000000077d73b638,0x000000077f600000)
  to   space 175616K, 0% used [0x000000078fd00000,0x000000078fd00000,0x000000079a880000)
 ParOldGen       total 252416K, used 252012K [0x00000006c4c00000, 0x00000006d4280000, 0x000000076c400000)
  object space 252416K, 99% used [0x00000006c4c00000,0x00000006d421b000,0x00000006d4280000)
 Metaspace       used 21907K, capacity 22886K, committed 23168K, reserved 1069056K
  class space    used 2891K, capacity 3156K, committed 3200K, reserved 1048576K
}

