# JRE version: Java(TM) SE Runtime Environment (8.0_391) (build 1.8.0_391-b26)
# Java VM: Java HotSpot(TM) 64-Bit Server VM (25.391-b26 mixed mode windows-amd64 compressed oops)
Heap:
 PSYoungGen      total 75264K, used 28301K [0x000000076c400000, 0x0000000775700000, 0x00000007c0000000)
  eden space 64512K, 27% used [0x000000076c400000,0x000000076d52b4f8,0x0000000770300000)
  from space 10752K, 99% used [0x0000000774c80000,0x00000007756f8288,0x0000000775700000)
  to   space 10752K, 0% used [0x0000000770300000,0x0000000770300000,0x0000000770d80000)
 ParOldGen       total 172032K, used 30428K [0x00000006c4c00000, 0x00000006cf400000, 0x000000076c400000)
  object space 172032K, 17% used [0x00000006c4c00000,0x00000006c69b7198,0x00000006cf400000)
 Metaspace       used 17047K, capacity 17678K, committed 17792K, reserved 1064960K
  class space    used 2234K, capacity 2415K, committed 2432K, reserved 1048576K
GC Heap History (4 events):
Event: 0.764 GC heap before
{Heap before GC invocations=1 (full 0):
 PSYoungGen      total 75264K, used 64512K [0x000000076c400000, 0x0000000771800000, 0x00000007c0000000)
  eden space 64512K, 100% used [0x000000076c400000,0x0000000770300000,0x0000000770300000)
  from space 10752K, 0% used [0x0000000770d80000,0x0000000770d80000,0x0000000771800000)
  to   space 10752K, 0% used [0x0000000770300000,0x0000000770300000,0x0000000770d80000)
 ParOldGen       total 172032K, used 0K [0x00000006c4c00000, 0x00000006cf400000, 0x000000076c400000)
  object space 172032K, 0% used [0x00000006c4c00000,0x00000006c4c00000,0x00000006cf400000)
 Metaspace       used 11659K, capacity 12030K, committed 12160K, reserved 1060864K
  class space    used 1494K, capacity 1633K, committed 1664K, reserved 1048576K
Event: 0.774 GC heap after
Heap after GC invocations=1 (full 0):
 PSYoungGen      total 75264K, used 10724K [0x000000076c400000, 0x0000000775700000, 0x00000007c0000000)
  eden space 64512K, 0% used [0x000000076c400000,0x000000076c400000,0x0000000770300000)
  from space 10752K, 99% used [0x0000000770300000,0x0000000770d79070,0x0000000770d80000)
  to   space 10752K, 0% used [0x0000000774c80000,0x0000000774c80000,0x0000000775700000)
 ParOldGen       total 172032K, used 26981K [0x00000006c4c00000, 0x00000006cf400000, 0x000000076c400000)
  object space 172032K, 15% used [0x00000006c4c00000,0x00000006c66594f0,0x00000006cf400000)
 Metaspace       used 11659K, capacity 12030K, committed 12160K, reserved 1060864K
  class space    used 1494K, capacity 1633K, committed 1664K, reserved 1048576K
}
Event: 46.783 GC heap before
{Heap before GC invocations=2 (full 0):
 PSYoungGen      total 75264K, used 75236K [0x000000076c400000, 0x0000000775700000, 0x00000007c0000000)
  eden space 64512K, 100% used [0x000000076c400000,0x0000000770300000,0x0000000770300000)
  from space 10752K, 99% used [0x0000000770300000,0x0000000770d79070,0x0000000770d80000)
  to   space 10752K, 0% used [0x0000000774c80000,0x0000000774c80000,0x0000000775700000)
 ParOldGen       total 172032K, used 26981K [0x00000006c4c00000, 0x00000006cf400000, 0x000000076c400000)
  object space 172032K, 15% used [0x00000006c4c00000,0x00000006c66594f0,0x00000006cf400000)
 Metaspace       used 17046K, capacity 17678K, committed 17792K, reserved 1064960K
  class space    used 2234K, capacity 2415K, committed 2432K, reserved 1048576K
Event: 46.792 GC heap after
Heap after GC invocations=2 (full 0):
 PSYoungGen      total 75264K, used 10720K [0x000000076c400000, 0x0000000775700000, 0x00000007c0000000)
  eden space 64512K, 0% used [0x000000076c400000,0x000000076c400000,0x0000000770300000)
  from space 10752K, 99% used [0x0000000774c80000,0x00000007756f8288,0x0000000775700000)
  to   space 10752K, 0% used [0x0000000770300000,0x0000000770300000,0x0000000770d80000)
 ParOldGen       total 172032K, used 30428K [0x00000006c4c00000, 0x00000006cf400000, 0x000000076c400000)
  object space 172032K, 17% used [0x00000006c4c00000,0x00000006c69b7198,0x00000006cf400000)
 Metaspace       used 17046K, capacity 17678K, committed 17792K, reserved 1064960K
  class space    used 2234K, capacity 2415K, committed 2432K, reserved 1048576K
}

