# JRE version: Java(TM) SE Runtime Environment (8.0_391) (build 1.8.0_391-b26)
# Java VM: Java HotSpot(TM) 64-Bit Server VM (25.391-b26 mixed mode windows-amd64 compressed oops)
Heap:
 PSYoungGen      total 276480K, used 190028K [0x000000076c400000, 0x0000000789100000, 0x00000007c0000000)
  eden space 140800K, 59% used [0x000000076c400000,0x00000007715db728,0x0000000774d80000)
  from space 135680K, 78% used [0x0000000774d80000,0x000000077b537a58,0x000000077d200000)
  to   space 143360K, 0% used [0x0000000780500000,0x0000000780500000,0x0000000789100000)
 ParOldGen       total 697856K, used 451063K [0x00000006c4c00000, 0x00000006ef580000, 0x000000076c400000)
  object space 697856K, 64% used [0x00000006c4c00000,0x00000006e047dc18,0x00000006ef580000)
 Metaspace       used 22511K, capacity 23512K, committed 23680K, reserved 1069056K
  class space    used 2909K, capacity 3165K, committed 3200K, reserved 1048576K
GC Heap History (10 events):
Event: 16.119 GC heap before
{Heap before GC invocations=11 (full 3):
 PSYoungGen      total 170496K, used 117949K [0x000000076c400000, 0x0000000780f00000, 0x00000007c0000000)
  eden space 99328K, 100% used [0x000000076c400000,0x0000000772500000,0x0000000772500000)
  from space 71168K, 26% used [0x0000000772500000,0x000000077372f440,0x0000000776a80000)
  to   space 80384K, 0% used [0x000000077c080000,0x000000077c080000,0x0000000780f00000)
 ParOldGen       total 482304K, used 292482K [0x00000006c4c00000, 0x00000006e2300000, 0x000000076c400000)
  object space 482304K, 60% used [0x00000006c4c00000,0x00000006d69a0948,0x00000006e2300000)
 Metaspace       used 21669K, capacity 22576K, committed 22912K, reserved 1069056K
  class space    used 2885K, capacity 3115K, committed 3200K, reserved 1048576K
Event: 16.135 GC heap after
Heap after GC invocations=11 (full 3):
 PSYoungGen      total 228352K, used 80351K [0x000000076c400000, 0x0000000780f00000, 0x00000007c0000000)
  eden space 147968K, 0% used [0x000000076c400000,0x000000076c400000,0x0000000775480000)
  from space 80384K, 99% used [0x000000077c080000,0x0000000780ef7f68,0x0000000780f00000)
  to   space 90112K, 0% used [0x0000000775f00000,0x0000000775f00000,0x000000077b700000)
 ParOldGen       total 482304K, used 305937K [0x00000006c4c00000, 0x00000006e2300000, 0x000000076c400000)
  object space 482304K, 63% used [0x00000006c4c00000,0x00000006d76c4798,0x00000006e2300000)
 Metaspace       used 21669K, capacity 22576K, committed 22912K, reserved 1069056K
  class space    used 2885K, capacity 3115K, committed 3200K, reserved 1048576K
}
Event: 56.184 GC heap before
{Heap before GC invocations=12 (full 3):
 PSYoungGen      total 228352K, used 228319K [0x000000076c400000, 0x0000000780f00000, 0x00000007c0000000)
  eden space 147968K, 100% used [0x000000076c400000,0x0000000775480000,0x0000000775480000)
  from space 80384K, 99% used [0x000000077c080000,0x0000000780ef7f68,0x0000000780f00000)
  to   space 90112K, 0% used [0x0000000775f00000,0x0000000775f00000,0x000000077b700000)
 ParOldGen       total 482304K, used 311122K [0x00000006c4c00000, 0x00000006e2300000, 0x000000076c400000)
  object space 482304K, 64% used [0x00000006c4c00000,0x00000006d7bd4b60,0x00000006e2300000)
 Metaspace       used 22323K, capacity 23312K, committed 23424K, reserved 1069056K
  class space    used 2895K, capacity 3153K, committed 3200K, reserved 1048576K
Event: 56.191 GC heap after
Heap after GC invocations=12 (full 3):
 PSYoungGen      total 248832K, used 65179K [0x000000076c400000, 0x0000000782b00000, 0x00000007c0000000)
  eden space 158720K, 0% used [0x000000076c400000,0x000000076c400000,0x0000000775f00000)
  from space 90112K, 72% used [0x0000000775f00000,0x0000000779ea6cd0,0x000000077b700000)
  to   space 91136K, 0% used [0x000000077d200000,0x000000077d200000,0x0000000782b00000)
 ParOldGen       total 482304K, used 311130K [0x00000006c4c00000, 0x00000006e2300000, 0x000000076c400000)
  object space 482304K, 64% used [0x00000006c4c00000,0x00000006d7bd6b60,0x00000006e2300000)
 Metaspace       used 22323K, capacity 23312K, committed 23424K, reserved 1069056K
  class space    used 2895K, capacity 3153K, committed 3200K, reserved 1048576K
}
Event: 56.629 GC heap before
{Heap before GC invocations=13 (full 3):
 PSYoungGen      total 248832K, used 223387K [0x000000076c400000, 0x0000000782b00000, 0x00000007c0000000)
  eden space 158720K, 99% used [0x000000076c400000,0x0000000775e80138,0x0000000775f00000)
  from space 90112K, 72% used [0x0000000775f00000,0x0000000779ea6cd0,0x000000077b700000)
  to   space 91136K, 0% used [0x000000077d200000,0x000000077d200000,0x0000000782b00000)
 ParOldGen       total 482304K, used 311130K [0x00000006c4c00000, 0x00000006e2300000, 0x000000076c400000)
  object space 482304K, 64% used [0x00000006c4c00000,0x00000006d7bd6b60,0x00000006e2300000)
 Metaspace       used 22398K, capacity 23348K, committed 23424K, reserved 1069056K
  class space    used 2898K, capacity 3159K, committed 3200K, reserved 1048576K
Event: 56.655 GC heap after
Heap after GC invocations=13 (full 3):
 PSYoungGen      total 231936K, used 91123K [0x000000076c400000, 0x0000000789400000, 0x00000007c0000000)
  eden space 140800K, 0% used [0x000000076c400000,0x000000076c400000,0x0000000774d80000)
  from space 91136K, 99% used [0x000000077d200000,0x0000000782afcc30,0x0000000782b00000)
  to   space 135680K, 0% used [0x0000000774d80000,0x0000000774d80000,0x000000077d200000)
 ParOldGen       total 482304K, used 404431K [0x00000006c4c00000, 0x00000006e2300000, 0x000000076c400000)
  object space 482304K, 83% used [0x00000006c4c00000,0x00000006dd6f3c70,0x00000006e2300000)
 Metaspace       used 22398K, capacity 23348K, committed 23424K, reserved 1069056K
  class space    used 2898K, capacity 3159K, committed 3200K, reserved 1048576K
}
Event: 56.655 GC heap before
{Heap before GC invocations=14 (full 4):
 PSYoungGen      total 231936K, used 91123K [0x000000076c400000, 0x0000000789400000, 0x00000007c0000000)
  eden space 140800K, 0% used [0x000000076c400000,0x000000076c400000,0x0000000774d80000)
  from space 91136K, 99% used [0x000000077d200000,0x0000000782afcc30,0x0000000782b00000)
  to   space 135680K, 0% used [0x0000000774d80000,0x0000000774d80000,0x000000077d200000)
 ParOldGen       total 482304K, used 404431K [0x00000006c4c00000, 0x00000006e2300000, 0x000000076c400000)
  object space 482304K, 83% used [0x00000006c4c00000,0x00000006dd6f3c70,0x00000006e2300000)
 Metaspace       used 22398K, capacity 23348K, committed 23424K, reserved 1069056K
  class space    used 2898K, capacity 3159K, committed 3200K, reserved 1048576K
Event: 56.713 GC heap after
Heap after GC invocations=14 (full 4):
 PSYoungGen      total 231936K, used 0K [0x000000076c400000, 0x0000000789400000, 0x00000007c0000000)
  eden space 140800K, 0% used [0x000000076c400000,0x000000076c400000,0x0000000774d80000)
  from space 91136K, 0% used [0x000000077d200000,0x000000077d200000,0x0000000782b00000)
  to   space 135680K, 0% used [0x0000000774d80000,0x0000000774d80000,0x000000077d200000)
 ParOldGen       total 697856K, used 451055K [0x00000006c4c00000, 0x00000006ef580000, 0x000000076c400000)
  object space 697856K, 64% used [0x00000006c4c00000,0x00000006e047bc18,0x00000006ef580000)
 Metaspace       used 22398K, capacity 23348K, committed 23424K, reserved 1069056K
  class space    used 2898K, capacity 3159K, committed 3200K, reserved 1048576K
}
Event: 57.073 GC heap before
{Heap before GC invocations=15 (full 4):
 PSYoungGen      total 231936K, used 140236K [0x000000076c400000, 0x0000000789400000, 0x00000007c0000000)
  eden space 140800K, 99% used [0x000000076c400000,0x0000000774cf3258,0x0000000774d80000)
  from space 91136K, 0% used [0x000000077d200000,0x000000077d200000,0x0000000782b00000)
  to   space 135680K, 0% used [0x0000000774d80000,0x0000000774d80000,0x000000077d200000)
 ParOldGen       total 697856K, used 451055K [0x00000006c4c00000, 0x00000006ef580000, 0x000000076c400000)
  object space 697856K, 64% used [0x00000006c4c00000,0x00000006e047bc18,0x00000006ef580000)
 Metaspace       used 22417K, capacity 23360K, committed 23424K, reserved 1069056K
  class space    used 2899K, capacity 3161K, committed 3200K, reserved 1048576K
Event: 57.086 GC heap after
Heap after GC invocations=15 (full 4):
 PSYoungGen      total 276480K, used 106206K [0x000000076c400000, 0x0000000789100000, 0x00000007c0000000)
  eden space 140800K, 0% used [0x000000076c400000,0x000000076c400000,0x0000000774d80000)
  from space 135680K, 78% used [0x0000000774d80000,0x000000077b537a58,0x000000077d200000)
  to   space 143360K, 0% used [0x0000000780500000,0x0000000780500000,0x0000000789100000)
 ParOldGen       total 697856K, used 451063K [0x00000006c4c00000, 0x00000006ef580000, 0x000000076c400000)
  object space 697856K, 64% used [0x00000006c4c00000,0x00000006e047dc18,0x00000006ef580000)
 Metaspace       used 22417K, capacity 23360K, committed 23424K, reserved 1069056K
  class space    used 2899K, capacity 3161K, committed 3200K, reserved 1048576K
}

